# JRE version: OpenJDK Runtime Environment Homebrew (17.0.16) (build 17.0.16+0)
# Java VM: OpenJDK 64-Bit Server VM Homebrew (17.0.16+0, mixed mode, sharing, tiered, compressed oops, compressed class ptrs, g1 gc, bsd-aarch64)
GC Precious Log:
 CPUs: 12 total, 12 available
 Memory: 24576M
 Large Page Support: Disabled
 NUMA Support: Disabled
 Compressed Oops: Enabled (Zero based)
 Heap Region Size: 1M
 Heap Min Capacity: 8M
 Heap Initial Capacity: 384M
 Heap Max Capacity: 1G
 Pre-touch: Disabled
 Parallel Workers: 10
 Concurrent Workers: 3
 Concurrent Refinement Workers: 10
 Periodic GC: Disabled
Heap:
 garbage-first heap   total 283648K, used 115648K [0x00000007c0000000, 0x0000000800000000)
  region size 1024K, 37 young (37888K), 1 survivors (1024K)
 Metaspace       used 10081K, committed 10304K, reserved 1114112K
  class space    used 1511K, committed 1600K, reserved 1048576K
GC Heap History (20 events):
Event: 31.766 GC heap before
{Heap before GC invocations=343 (full 9):
 garbage-first heap   total 283648K, used 246720K [0x00000007c0000000, 0x0000000800000000)
  region size 1024K, 164 young (167936K), 1 survivors (1024K)
 Metaspace       used 10077K, committed 10304K, reserved 1114112K
  class space    used 1510K, committed 1600K, reserved 1048576K
}
Event: 31.766 GC heap after
{Heap after GC invocations=344 (full 9):
 garbage-first heap   total 283648K, used 79798K [0x00000007c0000000, 0x0000000800000000)
  region size 1024K, 1 young (1024K), 1 survivors (1024K)
 Metaspace       used 10077K, committed 10304K, reserved 1114112K
  class space    used 1510K, committed 1600K, reserved 1048576K
}
Event: 31.865 GC heap before
{Heap before GC invocations=344 (full 9):
 garbage-first heap   total 283648K, used 246710K [0x00000007c0000000, 0x0000000800000000)
  region size 1024K, 164 young (167936K), 1 survivors (1024K)
 Metaspace       used 10077K, committed 10304K, reserved 1114112K
  class space    used 1510K, committed 1600K, reserved 1048576K
}
Event: 31.866 GC heap after
{Heap after GC invocations=345 (full 9):
 garbage-first heap   total 283648K, used 79810K [0x00000007c0000000, 0x0000000800000000)
  region size 1024K, 1 young (1024K), 1 survivors (1024K)
 Metaspace       used 10077K, committed 10304K, reserved 1114112K
  class space    used 1510K, committed 1600K, reserved 1048576K
}
Event: 31.966 GC heap before
{Heap before GC invocations=345 (full 9):
 garbage-first heap   total 283648K, used 246722K [0x00000007c0000000, 0x0000000800000000)
  region size 1024K, 164 young (167936K), 1 survivors (1024K)
 Metaspace       used 10077K, committed 10304K, reserved 1114112K
  class space    used 1510K, committed 1600K, reserved 1048576K
}
Event: 31.967 GC heap after
{Heap after GC invocations=346 (full 9):
 garbage-first heap   total 283648K, used 79804K [0x00000007c0000000, 0x0000000800000000)
  region size 1024K, 1 young (1024K), 1 survivors (1024K)
 Metaspace       used 10077K, committed 10304K, reserved 1114112K
  class space    used 1510K, committed 1600K, reserved 1048576K
}
Event: 32.068 GC heap before
{Heap before GC invocations=346 (full 9):
 garbage-first heap   total 283648K, used 246716K [0x00000007c0000000, 0x0000000800000000)
  region size 1024K, 164 young (167936K), 1 survivors (1024K)
 Metaspace       used 10077K, committed 10304K, reserved 1114112K
  class space    used 1510K, committed 1600K, reserved 1048576K
}
Event: 32.068 GC heap after
{Heap after GC invocations=347 (full 9):
 garbage-first heap   total 283648K, used 79798K [0x00000007c0000000, 0x0000000800000000)
  region size 1024K, 1 young (1024K), 1 survivors (1024K)
 Metaspace       used 10077K, committed 10304K, reserved 1114112K
  class space    used 1510K, committed 1600K, reserved 1048576K
}
Event: 32.170 GC heap before
{Heap before GC invocations=347 (full 9):
 garbage-first heap   total 283648K, used 246710K [0x00000007c0000000, 0x0000000800000000)
  region size 1024K, 164 young (167936K), 1 survivors (1024K)
 Metaspace       used 10077K, committed 10304K, reserved 1114112K
  class space    used 1510K, committed 1600K, reserved 1048576K
}
Event: 32.170 GC heap after
{Heap after GC invocations=348 (full 9):
 garbage-first heap   total 283648K, used 79808K [0x00000007c0000000, 0x0000000800000000)
  region size 1024K, 1 young (1024K), 1 survivors (1024K)
 Metaspace       used 10077K, committed 10304K, reserved 1114112K
  class space    used 1510K, committed 1600K, reserved 1048576K
}
Event: 32.272 GC heap before
{Heap before GC invocations=348 (full 9):
 garbage-first heap   total 283648K, used 246720K [0x00000007c0000000, 0x0000000800000000)
  region size 1024K, 164 young (167936K), 1 survivors (1024K)
 Metaspace       used 10077K, committed 10304K, reserved 1114112K
  class space    used 1510K, committed 1600K, reserved 1048576K
}
Event: 32.273 GC heap after
{Heap after GC invocations=349 (full 9):
 garbage-first heap   total 283648K, used 79800K [0x00000007c0000000, 0x0000000800000000)
  region size 1024K, 1 young (1024K), 1 survivors (1024K)
 Metaspace       used 10077K, committed 10304K, reserved 1114112K
  class space    used 1510K, committed 1600K, reserved 1048576K
}
Event: 32.375 GC heap before
{Heap before GC invocations=349 (full 9):
 garbage-first heap   total 283648K, used 246712K [0x00000007c0000000, 0x0000000800000000)
  region size 1024K, 164 young (167936K), 1 survivors (1024K)
 Metaspace       used 10077K, committed 10304K, reserved 1114112K
  class space    used 1510K, committed 1600K, reserved 1048576K
}
Event: 32.376 GC heap after
{Heap after GC invocations=350 (full 9):
 garbage-first heap   total 283648K, used 79800K [0x00000007c0000000, 0x0000000800000000)
  region size 1024K, 1 young (1024K), 1 survivors (1024K)
 Metaspace       used 10077K, committed 10304K, reserved 1114112K
  class space    used 1510K, committed 1600K, reserved 1048576K
}
Event: 32.476 GC heap before
{Heap before GC invocations=350 (full 9):
 garbage-first heap   total 283648K, used 246712K [0x00000007c0000000, 0x0000000800000000)
  region size 1024K, 164 young (167936K), 1 survivors (1024K)
 Metaspace       used 10077K, committed 10304K, reserved 1114112K
  class space    used 1510K, committed 1600K, reserved 1048576K
}
Event: 32.477 GC heap after
{Heap after GC invocations=351 (full 9):
 garbage-first heap   total 283648K, used 79808K [0x00000007c0000000, 0x0000000800000000)
  region size 1024K, 1 young (1024K), 1 survivors (1024K)
 Metaspace       used 10077K, committed 10304K, reserved 1114112K
  class space    used 1510K, committed 1600K, reserved 1048576K
}
Event: 32.575 GC heap before
{Heap before GC invocations=351 (full 9):
 garbage-first heap   total 283648K, used 246720K [0x00000007c0000000, 0x0000000800000000)
  region size 1024K, 164 young (167936K), 1 survivors (1024K)
 Metaspace       used 10077K, committed 10304K, reserved 1114112K
  class space    used 1510K, committed 1600K, reserved 1048576K
}
Event: 32.575 GC heap after
{Heap after GC invocations=352 (full 9):
 garbage-first heap   total 283648K, used 79812K [0x00000007c0000000, 0x0000000800000000)
  region size 1024K, 1 young (1024K), 1 survivors (1024K)
 Metaspace       used 10077K, committed 10304K, reserved 1114112K
  class space    used 1510K, committed 1600K, reserved 1048576K
}
Event: 32.676 GC heap before
{Heap before GC invocations=352 (full 9):
 garbage-first heap   total 283648K, used 246724K [0x00000007c0000000, 0x0000000800000000)
  region size 1024K, 164 young (167936K), 1 survivors (1024K)
 Metaspace       used 10077K, committed 10304K, reserved 1114112K
  class space    used 1510K, committed 1600K, reserved 1048576K
}
Event: 32.676 GC heap after
{Heap after GC invocations=353 (full 9):
 garbage-first heap   total 283648K, used 79808K [0x00000007c0000000, 0x0000000800000000)
  region size 1024K, 1 young (1024K), 1 survivors (1024K)
 Metaspace       used 10077K, committed 10304K, reserved 1114112K
  class space    used 1510K, committed 1600K, reserved 1048576K
}

